#
# A fatal error has been detected by the Java Runtime Environment:
#
#  EXCEPTION_ACCESS_VIOLATION (0xc0000005) at pc=0x00000000771f7a6d, pid=5740, tid=9156
#
# JRE version: OpenJDK Runtime Environment AdoptOpenJDK (15.0.2+7) (build 15.0.2+7)
# Java VM: OpenJDK 64-Bit Server VM AdoptOpenJDK (15.0.2+7, mixed mode, sharing, tiered, compressed oops, g1 gc, windows-amd64)
# Problematic frame:
# C  [ntdll.dll+0x27a6d]
#
# No core dump will be written. Minidumps are not enabled by default on client versions of Windows
#
# If you would like to submit a bug report, please visit:
#   https://github.com/AdoptOpenJDK/openjdk-support/issues
#

---------------  S U M M A R Y ------------

Command Line: -javaagent:C:\Users\Tom.K\AppData\Local\JetBrains\IntelliJ IDEA Community Edition 2021.3.2\lib\idea_rt.jar=50918:C:\Users\Tom.K\AppData\Local\JetBrains\IntelliJ IDEA Community Edition 2021.3.2\bin -Dfile.encoding=UTF-8 dev.kobalt.openalchemy.jvm.MainKt

Host: Intel(R) Core(TM) i7-6700K CPU @ 4.00GHz, 8 cores, 15G,  Windows 7 , 64 bit Build 7601 (6.1.7601.24384)
Time: Sun Jun 12 21:48:49 2022 Central European Daylight Time elapsed time: 117.348778 seconds (0d 0h 1m 57s)

---------------  T H R E A D  ---------------

Current thread (0x00000000271781f0):  VMThread "VM Thread" [stack: 0x0000000027bb0000,0x0000000027cb0000] [id=9156]

Stack: [0x0000000027bb0000,0x0000000027cb0000],  sp=0x0000000027caec30,  free space=1019k
Native frames: (J=compiled Java code, j=interpreted, Vv=VM code, C=native code)
C  [ntdll.dll+0x27a6d]
C  [nvoglv64.DLL+0xf69c83]


siginfo: EXCEPTION_ACCESS_VIOLATION (0xc0000005), reading address 0x0000000000000074


Register to memory mapping:

RIP=0x00000000771f7a6d ntdll.dll
RAX=0x7fffffffffffffff is an unknown value
RBX=0x0000000000000208 is an unknown value
RCX=0x0 is NULL
RDX=0x0000000000000008 is an unknown value
RSP=0x0000000027caec30 points into unknown readable memory: 0x0000000000000920 | 20 09 00 00 00 00 00 00
RBP=0x0000000000000008 is an unknown value
RSI=0x0000000000000208 is an unknown value
RDI=0x000000002dccc948 points into unknown readable memory: 0x000007fea1537cc0 | c0 7c 53 a1 fe 07 00 00
R8 =0x0000000000000208 is an unknown value
R9 =0x000000002d813160 points into unknown readable memory: 0x000000002e1b36d0 | d0 36 1b 2e 00 00 00 00
R10=0x0000000000000092 is an unknown value
R11=0x0000000000000001 is an unknown value
R12=0x0 is NULL
R13=0x0 is NULL
R14=0x00000000772fba58 ntdll.dll
R15=0x0000000077302e70 ntdll.dll


Registers:
RAX=0x7fffffffffffffff, RBX=0x0000000000000208, RCX=0x0000000000000000, RDX=0x0000000000000008
RSP=0x0000000027caec30, RBP=0x0000000000000008, RSI=0x0000000000000208, RDI=0x000000002dccc948
R8 =0x0000000000000208, R9 =0x000000002d813160, R10=0x0000000000000092, R11=0x0000000000000001
R12=0x0000000000000000, R13=0x0000000000000000, R14=0x00000000772fba58, R15=0x0000000077302e70
RIP=0x00000000771f7a6d, EFLAGS=0x0000000000010297

Top of Stack: (sp=0x0000000027caec30)
0x0000000027caec30:   0000000000000920 00000000003c0000
0x0000000027caec40:   0000000000000910 0000000000000910
0x0000000027caec50:   00000000003cc578 00000000771f7b9c
0x0000000027caec60:   00000000003c0000 0000000000100002
0x0000000027caec70:   0000000000000910 0000000000000920
0x0000000027caec80:   00000000003cc578 0000000027caed70
0x0000000027caec90:   00000000293b3ef0 00000000003cfc60
0x0000000027caeca0:   00000000771d3128 0000000000000000
0x0000000027caecb0:   0000000000000010 00000000003c0000
0x0000000027caecc0:   0000000000000008 0000000000000008
0x0000000027caecd0:   00000000003c0288 00000000771f7b14
0x0000000027caece0:   0000000000000002 0000000000000008
0x0000000027caecf0:   0002007100020005 00000000003dc0b0
0x0000000027caed00:   0000000077302e70 00000000772fba58
0x0000000027caed10:   000007fffffac000 000007fffffdf000
0x0000000027caed20:   000000002dccc948 000000002dccc8a0 

Instructions: (pc=0x00000000771f7a6d)
0x00000000771f796d:   ff 00 00 41 ba 00 10 00 00 e9 55 ff ff ff 8b 9c
0x00000000771f797d:   24 48 01 00 00 41 b8 0d 00 00 c0 ba fc ff 00 00
0x00000000771f798d:   41 ba 00 10 00 00 e9 38 ff ff ff 8b 9c 24 48 01
0x00000000771f799d:   00 00 41 b8 0d 00 00 c0 ba fc ff 00 00 e9 21 ff
0x00000000771f79ad:   ff ff 8b 9c 24 48 01 00 00 41 b8 0d 00 00 c0 ba
0x00000000771f79bd:   fc ff 00 00 41 ba 00 10 00 00 e9 04 ff ff ff 41
0x00000000771f79cd:   bf bb 00 00 c0 eb 19 48 8b 6c 24 58 41 bf 17 00
0x00000000771f79dd:   00 c0 eb 0c 48 8b 6c 24 58 eb 05 48 8b 6c 24 58
0x00000000771f79ed:   65 48 8b 0c 25 30 00 00 00 4c 8b c5 33 d2 48 8b
0x00000000771f79fd:   49 60 48 8b 49 30 e8 b8 27 00 00 41 8b c7 e9 7f
0x00000000771f7a0d:   f1 ff ff b8 0d 00 00 c0 48 81 c4 f8 00 00 00 41
0x00000000771f7a1d:   5f 41 5e 41 5d 41 5c 5f 5b c3 cc cc cc cc cc cc
0x00000000771f7a2d:   cc cc cc 48 8b c4 55 56 57 41 54 48 81 ec e8 00
0x00000000771f7a3d:   00 00 48 89 58 10 4c 89 68 d8 4c 89 70 d0 4c 89
0x00000000771f7a4d:   78 c8 48 b8 ff ff ff ff ff ff ff 7f 45 33 ed 49
0x00000000771f7a5d:   8b f0 8b ea 4c 8b e1 4c 3b c0 0f 87 43 48 06 00
0x00000000771f7a6d:   8b 41 74 44 8b b1 98 00 00 00 33 db 0b e8 4c 8d
0x00000000771f7a7d:   3d a6 b6 fd ff 45 85 f6 0f 85 a3 48 06 00 f7 c5
0x00000000771f7a8d:   61 0f 81 7d 0f 85 e0 00 00 00 48 85 f6 0f 84 41
0x00000000771f7a9d:   01 00 00 48 8b c6 49 8b 94 24 40 01 00 00 4c 8d
0x00000000771f7aad:   68 17 8b 42 08 49 83 e5 f0 49 8b cd 48 c1 e9 04
0x00000000771f7abd:   48 3b c8 0f 83 ed 00 00 00 44 8b 42 08 41 ff c8
0x00000000771f7acd:   49 3b c8 0f 83 9c 00 00 00 8b 42 18 48 2b c8 39
0x00000000771f7add:   5a 0c 74 03 48 03 c9 48 8b 42 30 48 8d 1c c8 48
0x00000000771f7aed:   85 db 0f 84 82 00 00 00 48 8b 4b 08 f6 c1 01 74
0x00000000771f7afd:   79 48 ff c9 48 8b d6 c7 84 24 10 01 00 00 02 00
0x00000000771f7b0d:   00 00 e8 ec 00 00 00 48 85 c0 74 5e 48 8b f8 40
0x00000000771f7b1d:   f6 c5 08 75 7f 48 85 ff 0f 84 87 47 06 00 45 85
0x00000000771f7b2d:   f6 0f 85 7c 48 06 00 80 3c 25 80 03 fe 7f 00 4c
0x00000000771f7b3d:   8b bc 24 d0 00 00 00 4c 8b b4 24 d8 00 00 00 4c
0x00000000771f7b4d:   8b ac 24 e0 00 00 00 48 8b 9c 24 18 01 00 00 0f
0x00000000771f7b5d:   85 be 48 06 00 48 8b c7 48 81 c4 e8 00 00 00 41 


Stack slot to memory mapping:
stack at sp + 0 slots: 0x0000000000000920 is an unknown value
stack at sp + 1 slots: 0x00000000003c0000 points into unknown readable memory: 0x0000000000000000 | 00 00 00 00 00 00 00 00
stack at sp + 2 slots: 0x0000000000000910 is an unknown value
stack at sp + 3 slots: 0x0000000000000910 is an unknown value
stack at sp + 4 slots: 0x00000000003cc578 points into unknown readable memory: 0x0000000000000000 | 00 00 00 00 00 00 00 00
stack at sp + 5 slots: 0x00000000771f7b9c ntdll.dll
stack at sp + 6 slots: 0x00000000003c0000 points into unknown readable memory: 0x0000000000000000 | 00 00 00 00 00 00 00 00
stack at sp + 7 slots: 0x0000000000100002 points into unknown readable memory: 74 78 20 00 00 00

VM_Operation (0x000000000214f180): Exit, mode: safepoint, requested by thread 0x0000000000479c50


---------------  P R O C E S S  ---------------

Threads class SMR info:
_java_thread_list=0x000000002945ff20, length=18, elements={
0x0000000000479c50, 0x000000002717c570, 0x000000002717d050, 0x000000002719bdb0,
0x000000002719d670, 0x000000002719df30, 0x000000002719eb20, 0x000000002719f420,
0x00000000271bb9d0, 0x000000002893fe00, 0x0000000028b282c0, 0x0000000028b28790,
0x00000000293e8ec0, 0x00000000293f8970, 0x00000000295a14c0, 0x000000002d88e3f0,
0x000000002d88ed90, 0x000000002d88fc00
}

Java Threads: ( => current thread )
  0x0000000000479c50 JavaThread "main" [_thread_blocked, id=7836, stack(0x0000000002050000,0x0000000002150000)]
  0x000000002717c570 JavaThread "Reference Handler" daemon [_thread_blocked, id=5736, stack(0x0000000027dc0000,0x0000000027ec0000)]
  0x000000002717d050 JavaThread "Finalizer" daemon [_thread_blocked, id=9412, stack(0x0000000027fc0000,0x00000000280c0000)]
  0x000000002719bdb0 JavaThread "Signal Dispatcher" daemon [_thread_blocked, id=9296, stack(0x0000000027a30000,0x0000000027b30000)]
  0x000000002719d670 JavaThread "Attach Listener" daemon [_thread_blocked, id=9976, stack(0x00000000281d0000,0x00000000282d0000)]
  0x000000002719df30 JavaThread "Service Thread" daemon [_thread_blocked, id=9700, stack(0x0000000028410000,0x0000000028510000)]
  0x000000002719eb20 JavaThread "C2 CompilerThread0" daemon [_thread_blocked, id=9508, stack(0x0000000028570000,0x0000000028670000)]
  0x000000002719f420 JavaThread "C1 CompilerThread0" daemon [_thread_blocked, id=5000, stack(0x0000000028790000,0x0000000028890000)]
  0x00000000271bb9d0 JavaThread "Sweeper thread" daemon [_thread_blocked, id=7476, stack(0x00000000280d0000,0x00000000281d0000)]
  0x000000002893fe00 JavaThread "Common-Cleaner" daemon [_thread_blocked, id=6788, stack(0x0000000028dd0000,0x0000000028ed0000)]
  0x0000000028b282c0 JavaThread "Monitor Ctrl-Break" daemon [_thread_in_native, id=9604, stack(0x0000000028cc0000,0x0000000028dc0000)]
  0x0000000028b28790 JavaThread "Notification Thread" daemon [_thread_blocked, id=8520, stack(0x0000000029a10000,0x0000000029b10000)]
  0x00000000293e8ec0 JavaThread "Java2D Disposer" daemon [_thread_blocked, id=7156, stack(0x000000002abc0000,0x000000002acc0000)]
  0x00000000293f8970 JavaThread "AWT-Shutdown" [_thread_blocked, id=6568, stack(0x000000002ae40000,0x000000002af40000)]
  0x00000000295a14c0 JavaThread "AWT-EventQueue-0" [_thread_blocked, id=9232, stack(0x0000000029d20000,0x0000000029e20000)]
  0x000000002d88e3f0 JavaThread "Java Sound Event Dispatcher" daemon [_thread_blocked, id=9264, stack(0x00000000351c0000,0x00000000352c0000)]
  0x000000002d88ed90 JavaThread "AssetStorage-Thread" daemon [_thread_blocked, id=7488, stack(0x0000000035be0000,0x0000000035ce0000)]
  0x000000002d88fc00 JavaThread "LWJGL3 Timer" daemon [_thread_blocked, id=9760, stack(0x0000000035920000,0x0000000035a20000)]

Other Threads:
=>0x00000000271781f0 VMThread "VM Thread" [stack: 0x0000000027bb0000,0x0000000027cb0000] [id=9156]
  0x00000000004a8420 GCTaskThread "GC Thread#0" [stack: 0x00000000240f0000,0x00000000241f0000] [id=8100]
  0x000000002dd3fcb0 GCTaskThread "GC Thread#1" [stack: 0x000000002fb40000,0x000000002fc40000] [id=9800]
  0x000000002dd3ffe0 GCTaskThread "GC Thread#2" [stack: 0x000000002fa30000,0x000000002fb30000] [id=8932]
  0x000000002dd40310 GCTaskThread "GC Thread#3" [stack: 0x000000002fdc0000,0x000000002fec0000] [id=9588]
  0x000000002dd40640 GCTaskThread "GC Thread#4" [stack: 0x000000002fed0000,0x000000002ffd0000] [id=9676]
  0x000000002dd40970 GCTaskThread "GC Thread#5" [stack: 0x0000000030080000,0x0000000030180000] [id=8076]
  0x00000000004bc400 ConcurrentGCThread "G1 Main Marker" [stack: 0x0000000024260000,0x0000000024360000] [id=2528]
  0x00000000004bdbe0 ConcurrentGCThread "G1 Conc#0" [stack: 0x0000000024390000,0x0000000024490000] [id=3744]
  0x000000002dd41630 ConcurrentGCThread "G1 Conc#1" [stack: 0x0000000034e00000,0x0000000034f00000] [id=4396]
  0x000000001a8c9220 ConcurrentGCThread "G1 Refine#0" [stack: 0x0000000026ef0000,0x0000000026ff0000] [id=9580]
  0x000000002dea2ca0 ConcurrentGCThread "G1 Refine#1" [stack: 0x000000002fca0000,0x000000002fda0000] [id=9664]
  0x000000002deec5c0 ConcurrentGCThread "G1 Refine#2" [stack: 0x0000000030330000,0x0000000030430000] [id=5496]
  0x000000002def2d90 ConcurrentGCThread "G1 Refine#3" [stack: 0x00000000304a0000,0x00000000305a0000] [id=8888]
  0x000000001a8cbd30 ConcurrentGCThread "G1 Young RemSet Sampling" [stack: 0x0000000026d60000,0x0000000026e60000] [id=8404]

Threads with active compile tasks:

VM state: at safepoint (shutting down)

VM Mutex/Monitor currently owned by a thread:  ([mutex/lock_event])
[0x0000000000474d60] Threads_lock - owner thread: 0x00000000271781f0
[0x0000000000475420] Heap_lock - owner thread: 0x0000000000479c50

Heap address: 0x0000000700800000, size: 4088 MB, Compressed Oops mode: Zero based, Oop shift amount: 3
CDS archive(s) mapped at: [0x0000000800000000-0x0000000800b50000-0x0000000800b50000), size 11862016, SharedBaseAddress: 0x0000000800000000, ArchiveRelocationMode: 0.
Compressed class space mapped at: 0x0000000800b50000-0x0000000840b50000, size: 1073741824
Narrow klass base: 0x0000000800000000, Narrow klass shift: 3, Narrow klass range: 0x100000000

GC Precious Log:
 CPUs: 8 total, 8 available
 Memory: 16346M
 Large Page Support: Disabled
 NUMA Support: Disabled
 Compressed Oops: Enabled (Zero based)
 Heap Region Size: 2M
 Heap Min Capacity: 8M
 Heap Initial Capacity: 256M
 Heap Max Capacity: 4088M
 Pre-touch: Disabled
 Parallel Workers: 8
 Concurrent Workers: 2
 Concurrent Refinement Workers: 8
 Periodic GC: Disabled

Heap:
 garbage-first heap   total 59392K, used 21377K [0x0000000700800000, 0x0000000800000000)
  region size 2048K, 3 young (6144K), 2 survivors (4096K)
 Metaspace       used 24507K, capacity 24680K, committed 25136K, reserved 1073152K
  class space    used 2280K, capacity 2342K, committed 2432K, reserved 1048576K

Heap Regions: E=young(eden), S=young(survivor), O=old, HS=humongous(starts), HC=humongous(continues), CS=collection set, F=free, OA=open archive, CA=closed archive, TAMS=top-at-mark-start (previous, next)
|   0|0x0000000700800000, 0x0000000700a00000, 0x0000000700a00000|100%| O|  |TAMS 0x0000000700a00000, 0x0000000700800000| Untracked 
|   1|0x0000000700a00000, 0x0000000700c00000, 0x0000000700c00000|100%| O|  |TAMS 0x0000000700c00000, 0x0000000700a00000| Untracked 
|   2|0x0000000700c00000, 0x0000000700e00000, 0x0000000700e00000|100%| O|  |TAMS 0x0000000700e00000, 0x0000000700c00000| Untracked 
|   3|0x0000000700e00000, 0x0000000701000000, 0x0000000701000000|100%| O|  |TAMS 0x0000000701000000, 0x0000000700e00000| Untracked 
|   4|0x0000000701000000, 0x0000000701015e00, 0x0000000701200000|  4%| O|  |TAMS 0x0000000701015e00, 0x0000000701000000| Untracked 
|   5|0x0000000701200000, 0x0000000701400000, 0x0000000701400000|100%|HS|  |TAMS 0x0000000701200000, 0x0000000701200000| Complete 
|   6|0x0000000701400000, 0x0000000701600000, 0x0000000701600000|100%|HC|  |TAMS 0x0000000701400000, 0x0000000701400000| Complete 
|   7|0x0000000701600000, 0x0000000701800000, 0x0000000701800000|100%|HC|  |TAMS 0x0000000701600000, 0x0000000701600000| Complete 
|   8|0x0000000701800000, 0x0000000701a00000, 0x0000000701a00000|100%|HC|  |TAMS 0x0000000701800000, 0x0000000701800000| Complete 
|   9|0x0000000701a00000, 0x0000000701c00000, 0x0000000701c00000|100%|HC|  |TAMS 0x0000000701a00000, 0x0000000701a00000| Complete 
|  10|0x0000000701c00000, 0x0000000701c00000, 0x0000000701e00000|  0%| F|  |TAMS 0x0000000701c00000, 0x0000000701c00000| Untracked 
|  11|0x0000000701e00000, 0x0000000701e00000, 0x0000000702000000|  0%| F|  |TAMS 0x0000000701e00000, 0x0000000701e00000| Untracked 
|  12|0x0000000702000000, 0x0000000702000000, 0x0000000702200000|  0%| F|  |TAMS 0x0000000702000000, 0x0000000702000000| Untracked 
|  13|0x0000000702200000, 0x0000000702200000, 0x0000000702400000|  0%| F|  |TAMS 0x0000000702200000, 0x0000000702200000| Untracked 
|  14|0x0000000702400000, 0x0000000702400000, 0x0000000702600000|  0%| F|  |TAMS 0x0000000702400000, 0x0000000702400000| Untracked 
|  15|0x0000000702600000, 0x0000000702600000, 0x0000000702800000|  0%| F|  |TAMS 0x0000000702600000, 0x0000000702600000| Untracked 
|  16|0x0000000702800000, 0x0000000702800000, 0x0000000702a00000|  0%| F|  |TAMS 0x0000000702800000, 0x0000000702800000| Untracked 
|  17|0x0000000702a00000, 0x0000000702a00000, 0x0000000702c00000|  0%| F|  |TAMS 0x0000000702a00000, 0x0000000702a00000| Untracked 
|  18|0x0000000702c00000, 0x0000000702c00000, 0x0000000702e00000|  0%| F|  |TAMS 0x0000000702c00000, 0x0000000702c00000| Untracked 
|  19|0x0000000702e00000, 0x0000000702e00000, 0x0000000703000000|  0%| F|  |TAMS 0x0000000702e00000, 0x0000000702e00000| Untracked 
|  20|0x0000000703000000, 0x0000000703000000, 0x0000000703200000|  0%| F|  |TAMS 0x0000000703000000, 0x0000000703000000| Untracked 
|  21|0x0000000703200000, 0x0000000703200000, 0x0000000703400000|  0%| F|  |TAMS 0x0000000703200000, 0x0000000703200000| Untracked 
|  22|0x0000000703400000, 0x0000000703400000, 0x0000000703600000|  0%| F|  |TAMS 0x0000000703400000, 0x0000000703400000| Untracked 
|  23|0x0000000703600000, 0x0000000703600000, 0x0000000703800000|  0%| F|  |TAMS 0x0000000703600000, 0x0000000703600000| Untracked 
|  24|0x0000000703800000, 0x0000000703a00000, 0x0000000703a00000|100%| S|CS|TAMS 0x0000000703800000, 0x0000000703800000| Complete 
|  25|0x0000000703a00000, 0x0000000703aca630, 0x0000000703c00000| 39%| S|CS|TAMS 0x0000000703a00000, 0x0000000703a00000| Complete 
| 117|0x000000070f200000, 0x000000070f200000, 0x000000070f400000|  0%| F|  |TAMS 0x000000070f200000, 0x000000070f200000| Untracked 
| 118|0x000000070f400000, 0x000000070f400000, 0x000000070f600000|  0%| F|  |TAMS 0x000000070f400000, 0x000000070f400000| Untracked 
| 127|0x0000000710600000, 0x00000007107c1150, 0x0000000710800000| 87%| E|  |TAMS 0x0000000710600000, 0x0000000710600000| Complete 

Card table byte_map: [0x000000001b0d0000,0x000000001b8d0000] _byte_map_base: 0x00000000178cc000

Marking Bits (Prev, Next): (CMBitMap*) 0x00000000004aba60, (CMBitMap*) 0x00000000004aba20
 Prev Bits: [0x00000000200b0000, 0x0000000024090000)
 Next Bits: [0x000000001c0d0000, 0x00000000200b0000)

Polling page: 0x0000000000130000

Metaspace:

Usage:
  Non-class:     21.81 MB capacity,    21.71 MB (>99%) used,    81.41 KB ( <1%) free+waste,    29.06 KB ( <1%) overhead. 
      Class:      2.29 MB capacity,     2.23 MB ( 97%) used,    52.48 KB (  2%) free+waste,     9.44 KB ( <1%) overhead. 
       Both:     24.10 MB capacity,    23.93 MB (>99%) used,   133.89 KB ( <1%) free+waste,    38.50 KB ( <1%) overhead. 

Virtual space:
  Non-class space:       24.00 MB reserved,      22.17 MB ( 92%) committed 
      Class space:        1.00 GB reserved,       2.38 MB ( <1%) committed 
             Both:        1.02 GB reserved,      24.55 MB (  2%) committed 

Chunk freelists:
   Non-Class:  174.00 KB
       Class:  26.00 KB
        Both:  200.00 KB

MaxMetaspaceSize: 17179869184.00 GB
CompressedClassSpaceSize: 1.00 GB

CodeHeap 'non-profiled nmethods': size=120000Kb used=1790Kb max_used=1790Kb free=118209Kb
 bounds [0x0000000012a20000, 0x0000000012c90000, 0x0000000019f50000]
CodeHeap 'profiled nmethods': size=120000Kb used=6100Kb max_used=6100Kb free=113899Kb
 bounds [0x000000000b4f0000, 0x000000000baf0000, 0x0000000012a20000]
CodeHeap 'non-nmethods': size=5760Kb used=1803Kb max_used=1870Kb free=3956Kb
 bounds [0x000000000af50000, 0x000000000b1c0000, 0x000000000b4f0000]
 total_blobs=4518 nmethods=3261 adapters=1169
 compilation: enabled
              stopped_count=0, restarted_count=0
 full_count=0

Compilation events (20 events):
Event: 113.950 Thread 0x000000002719eb20 3253       4       dev.kobalt.openalchemy.jvm.QuitButton::draw (175 bytes)
Event: 113.961 Thread 0x000000002719eb20 nmethod 3253 0x0000000012bd4e90 code [0x0000000012bd5120, 0x0000000012bd6120]
Event: 113.961 Thread 0x000000002719eb20 3254       4       dev.kobalt.openalchemy.jvm.Gems::draw (1136 bytes)
Event: 113.962 Thread 0x000000002719eb20 nmethod 3254 0x0000000012bd7310 code [0x0000000012bd74a0, 0x0000000012bd76d8]
Event: 113.962 Thread 0x000000002719eb20 3255       4       dev.kobalt.openalchemy.jvm.BigExplosion::draw (77 bytes)
Event: 113.974 Thread 0x000000002719eb20 nmethod 3255 0x0000000012bd7910 code [0x0000000012bd7ba0, 0x0000000012bd8de0]
Event: 113.974 Thread 0x000000002719eb20 3257       4       dev.kobalt.openalchemy.jvm.DiscardBubbleContainer::draw (406 bytes)
Event: 113.988 Thread 0x000000002719eb20 nmethod 3257 0x0000000012bda090 code [0x0000000012bda360, 0x0000000012bdb9a0]
Event: 113.988 Thread 0x000000002719eb20 3256       4       dev.kobalt.openalchemy.jvm.LevelText::draw (61 bytes)
Event: 113.994 Thread 0x000000002719eb20 nmethod 3256 0x0000000012bdcd90 code [0x0000000012bdcf40, 0x0000000012bdd708]
Event: 113.994 Thread 0x000000002719eb20 3258       4       dev.kobalt.openalchemy.jvm.SelectGameWindow::draw (958 bytes)
Event: 114.000 Thread 0x000000002719eb20 nmethod 3258 0x0000000012bddb10 code [0x0000000012bddea0, 0x0000000012bdef38]
Event: 114.084 Thread 0x000000002719f420 3259       1       dev.kobalt.openalchemy.jvm.Field::setGold (6 bytes)
Event: 114.084 Thread 0x000000002719f420 nmethod 3259 0x0000000012bdf790 code [0x0000000012bdf920, 0x0000000012bdf9d8]
Event: 114.284 Thread 0x000000002719f420 3260       3       dev.kobalt.openalchemy.jvm.Board::hover (728 bytes)
Event: 114.286 Thread 0x000000002719f420 nmethod 3260 0x000000000badcc90 code [0x000000000badd320, 0x000000000bae0ca8]
Event: 114.617 Thread 0x000000002719f420 3261       3       dev.kobalt.openalchemy.jvm.BoardScreen::render (237 bytes)
Event: 114.618 Thread 0x000000002719f420 nmethod 3261 0x000000000bae2b90 code [0x000000000bae2ee0, 0x000000000bae38e8]
Event: 114.667 Thread 0x000000002719f420 3262       3       dev.kobalt.openalchemy.jvm.DiscardButton::draw (175 bytes)
Event: 114.667 Thread 0x000000002719f420 nmethod 3262 0x000000000bae3f10 code [0x000000000bae41c0, 0x000000000bae4e68]

GC Heap History (8 events):
Event: 1.225 GC heap before
{Heap before GC invocations=0 (full 0):
 garbage-first heap   total 262144K, used 20480K [0x0000000700800000, 0x0000000800000000)
  region size 2048K, 11 young (22528K), 0 survivors (0K)
 Metaspace       used 13318K, capacity 13513K, committed 13696K, reserved 1060864K
  class space    used 1561K, capacity 1625K, committed 1664K, reserved 1048576K
}
Event: 1.230 GC heap after
{Heap after GC invocations=1 (full 0):
 garbage-first heap   total 262144K, used 8161K [0x0000000700800000, 0x0000000800000000)
  region size 2048K, 2 young (4096K), 2 survivors (4096K)
 Metaspace       used 13318K, capacity 13513K, committed 13696K, reserved 1060864K
  class space    used 1561K, capacity 1625K, committed 1664K, reserved 1048576K
}
Event: 1.693 GC heap before
{Heap before GC invocations=1 (full 0):
 garbage-first heap   total 262144K, used 16353K [0x0000000700800000, 0x0000000800000000)
  region size 2048K, 7 young (14336K), 2 survivors (4096K)
 Metaspace       used 15849K, capacity 16041K, committed 16256K, reserved 1062912K
  class space    used 1763K, capacity 1828K, committed 1920K, reserved 1048576K
}
Event: 1.696 GC heap after
{Heap after GC invocations=2 (full 0):
 garbage-first heap   total 262144K, used 9835K [0x0000000700800000, 0x0000000800000000)
  region size 2048K, 1 young (2048K), 1 survivors (2048K)
 Metaspace       used 15849K, capacity 16041K, committed 16256K, reserved 1062912K
  class space    used 1763K, capacity 1828K, committed 1920K, reserved 1048576K
}
Event: 1.956 GC heap before
{Heap before GC invocations=2 (full 0):
 garbage-first heap   total 262144K, used 24171K [0x0000000700800000, 0x0000000800000000)
  region size 2048K, 9 young (18432K), 1 survivors (2048K)
 Metaspace       used 20830K, capacity 21020K, committed 21296K, reserved 1069056K
  class space    used 2030K, capacity 2084K, committed 2176K, reserved 1048576K
}
Event: 1.957 GC heap after
{Heap after GC invocations=3 (full 0):
 garbage-first heap   total 262144K, used 10465K [0x0000000700800000, 0x0000000800000000)
  region size 2048K, 2 young (4096K), 2 survivors (4096K)
 Metaspace       used 20830K, capacity 21020K, committed 21296K, reserved 1069056K
  class space    used 2030K, capacity 2084K, committed 2176K, reserved 1048576K
}
Event: 6.923 GC heap before
{Heap before GC invocations=4 (full 0):
 garbage-first heap   total 55296K, used 49377K [0x0000000700800000, 0x0000000800000000)
  region size 2048K, 17 young (34816K), 2 survivors (4096K)
 Metaspace       used 24136K, capacity 24360K, committed 24624K, reserved 1071104K
  class space    used 2259K, capacity 2342K, committed 2432K, reserved 1048576K
}
Event: 6.924 GC heap after
{Heap after GC invocations=5 (full 0):
 garbage-first heap   total 59392K, used 21377K [0x0000000700800000, 0x0000000800000000)
  region size 2048K, 2 young (4096K), 2 survivors (4096K)
 Metaspace       used 24136K, capacity 24360K, committed 24624K, reserved 1071104K
  class space    used 2259K, capacity 2342K, committed 2432K, reserved 1048576K
}

Deoptimization events (20 events):
Event: 109.601 Thread 0x0000000000479c50 Uncommon trap: trap_request=0xffffffe4 fr.pc=0x0000000012bb948c relative=0x00000000000005ac
Event: 109.601 Thread 0x0000000000479c50 Uncommon trap: reason=range_check action=make_not_entrant pc=0x0000000012bb948c method=com.badlogic.gdx.InputEventQueue.drain(Lcom/badlogic/gdx/InputProcessor;)V @ 85 c2
Event: 109.601 Thread 0x0000000000479c50 DEOPT PACKING pc=0x0000000012bb948c sp=0x000000000214f390
Event: 109.601 Thread 0x0000000000479c50 DEOPT UNPACKING pc=0x000000000af9e42f sp=0x000000000214f340 mode 2
Event: 112.550 Thread 0x0000000000479c50 Uncommon trap: trap_request=0xffffff45 fr.pc=0x0000000012bc07cc relative=0x000000000000082c
Event: 112.550 Thread 0x0000000000479c50 Uncommon trap: reason=unstable_if action=reinterpret pc=0x0000000012bc07cc method=dev.kobalt.openalchemy.jvm.DiscardButton.draw(Lcom/badlogic/gdx/graphics/g2d/SpriteBatch;)V @ 19 c2
Event: 112.550 Thread 0x0000000000479c50 DEOPT PACKING pc=0x0000000012bc07cc sp=0x000000000214f2f0
Event: 112.550 Thread 0x0000000000479c50 DEOPT UNPACKING pc=0x000000000af9e42f sp=0x000000000214f2e8 mode 2
Event: 112.567 Thread 0x0000000000479c50 Uncommon trap: trap_request=0xffffff45 fr.pc=0x0000000012bc5880 relative=0x0000000000002f00
Event: 112.567 Thread 0x0000000000479c50 Uncommon trap: reason=unstable_if action=reinterpret pc=0x0000000012bc5880 method=dev.kobalt.openalchemy.jvm.OptionsButton.draw(Lcom/badlogic/gdx/graphics/g2d/SpriteBatch;)V @ 19 c2
Event: 112.567 Thread 0x0000000000479c50 DEOPT PACKING pc=0x0000000012bc5880 sp=0x000000000214f3b0
Event: 112.567 Thread 0x0000000000479c50 DEOPT UNPACKING pc=0x000000000af9e42f sp=0x000000000214f328 mode 2
Event: 113.483 Thread 0x0000000000479c50 Uncommon trap: trap_request=0xffffff45 fr.pc=0x0000000012ba8420 relative=0x00000000000009c0
Event: 113.483 Thread 0x0000000000479c50 Uncommon trap: reason=unstable_if action=reinterpret pc=0x0000000012ba8420 method=dev.kobalt.openalchemy.jvm.Board.hover(Ldev/kobalt/openalchemy/jvm/Cursor;Ldev/kobalt/openalchemy/jvm/CurrentTile;Z)V @ 18 c2
Event: 113.483 Thread 0x0000000000479c50 DEOPT PACKING pc=0x0000000012ba8420 sp=0x000000000214f1c0
Event: 113.483 Thread 0x0000000000479c50 DEOPT UNPACKING pc=0x000000000af9e42f sp=0x000000000214f070 mode 2
Event: 116.167 Thread 0x0000000000479c50 Uncommon trap: trap_request=0xffffff45 fr.pc=0x0000000012bd594c relative=0x000000000000082c
Event: 116.167 Thread 0x0000000000479c50 Uncommon trap: reason=unstable_if action=reinterpret pc=0x0000000012bd594c method=dev.kobalt.openalchemy.jvm.QuitButton.draw(Lcom/badlogic/gdx/graphics/g2d/SpriteBatch;)V @ 19 c2
Event: 116.167 Thread 0x0000000000479c50 DEOPT PACKING pc=0x0000000012bd594c sp=0x000000000214f360
Event: 116.167 Thread 0x0000000000479c50 DEOPT UNPACKING pc=0x000000000af9e42f sp=0x000000000214f358 mode 2

Classes unloaded (0 events):
No events

Classes redefined (0 events):
No events

Internal exceptions (20 events):
Event: 0.728 Thread 0x0000000000479c50 Exception <a 'java/lang/NoSuchMethodError'{0x000000070fbe9398}: 'java.lang.Object java.lang.invoke.DirectMethodHandle$Holder.invokeStaticInit(java.lang.Object, int, int, int, int)'> (0x000000070fbe9398) 
thrown [./src/hotspot/share/interpreter/linkResolver.cpp, line 782]
Event: 0.792 Thread 0x0000000000479c50 Exception <a 'java/lang/NoSuchMethodError'{0x000000070f8b4d68}: 'java.lang.Object java.lang.invoke.DirectMethodHandle$Holder.invokeStaticInit(java.lang.Object, java.lang.Object, int, int, int, int)'> (0x000000070f8b4d68) 
thrown [./src/hotspot/share/interpreter/linkResolver.cpp, line 782]
Event: 0.796 Thread 0x0000000000479c50 Exception <a 'java/lang/NullPointerException'{0x000000070f8beb70}> (0x000000070f8beb70) 
thrown [./src/hotspot/share/interpreter/linkResolver.cpp, line 1374]
Event: 0.832 Thread 0x0000000000479c50 Exception <a 'java/lang/NoSuchMethodError'{0x000000070f99a4c8}: 'void java.lang.invoke.DirectMethodHandle$Holder.invokeStaticInit(java.lang.Object)'> (0x000000070f99a4c8) 
thrown [./src/hotspot/share/interpreter/linkResolver.cpp, line 782]
Event: 0.965 Thread 0x0000000000479c50 Implicit null exception at 0x0000000012a8a9b0 to 0x0000000012a8aa10
Event: 0.990 Thread 0x0000000000479c50 Exception <a 'java/lang/NoSuchMethodError'{0x000000070f4046a8}: 'void java.lang.invoke.DirectMethodHandle$Holder.invokeStatic(java.lang.Object, java.lang.Object, java.lang.Object)'> (0x000000070f4046a8) 
thrown [./src/hotspot/share/interpreter/linkResolver.cpp, line 782]
Event: 1.364 Thread 0x0000000000479c50 Exception <a 'java/lang/NoSuchMethodError'{0x0000000710244cd8}: 'java.lang.Object java.lang.invoke.DirectMethodHandle$Holder.invokeStatic(java.lang.Object, java.lang.Object, int)'> (0x0000000710244cd8) 
thrown [./src/hotspot/share/interpreter/linkResolver.cpp, line 782]
Event: 1.365 Thread 0x0000000000479c50 Exception <a 'java/lang/NoSuchMethodError'{0x0000000710250500}: 'void java.lang.invoke.DelegatingMethodHandle$Holder.delegate(java.lang.Object, java.lang.Object, int, java.lang.Object)'> (0x0000000710250500) 
thrown [./src/hotspot/share/interpreter/linkResolver.cpp, line 782]
Event: 1.380 Thread 0x0000000000479c50 Exception <a 'sun/nio/fs/WindowsException'{0x00000007102ee208}> (0x00000007102ee208) 
thrown [./src/hotspot/share/prims/jni.cpp, line 578]
Event: 1.380 Thread 0x0000000000479c50 Exception <a 'sun/nio/fs/WindowsException'{0x00000007102ee560}> (0x00000007102ee560) 
thrown [./src/hotspot/share/prims/jni.cpp, line 578]
Event: 1.391 Thread 0x0000000000479c50 Exception <a 'sun/nio/fs/WindowsException'{0x00000007103af230}> (0x00000007103af230) 
thrown [./src/hotspot/share/prims/jni.cpp, line 578]
Event: 1.391 Thread 0x0000000000479c50 Exception <a 'sun/nio/fs/WindowsException'{0x00000007103af5d0}> (0x00000007103af5d0) 
thrown [./src/hotspot/share/prims/jni.cpp, line 578]
Event: 1.406 Thread 0x0000000000479c50 Exception <a 'sun/nio/fs/WindowsException'{0x000000071006d4d0}> (0x000000071006d4d0) 
thrown [./src/hotspot/share/prims/jni.cpp, line 578]
Event: 1.406 Thread 0x0000000000479c50 Exception <a 'sun/nio/fs/WindowsException'{0x000000071006d840}> (0x000000071006d840) 
thrown [./src/hotspot/share/prims/jni.cpp, line 578]
Event: 1.484 Thread 0x0000000000479c50 Exception <a 'sun/nio/fs/WindowsException'{0x000000071010cbb8}> (0x000000071010cbb8) 
thrown [./src/hotspot/share/prims/jni.cpp, line 578]
Event: 1.484 Thread 0x0000000000479c50 Exception <a 'sun/nio/fs/WindowsException'{0x000000071010cf40}> (0x000000071010cf40) 
thrown [./src/hotspot/share/prims/jni.cpp, line 578]
Event: 1.690 Thread 0x0000000000479c50 Exception <a 'sun/nio/fs/WindowsException'{0x000000070ff6e460}> (0x000000070ff6e460) 
thrown [./src/hotspot/share/prims/jni.cpp, line 578]
Event: 1.690 Thread 0x0000000000479c50 Exception <a 'sun/nio/fs/WindowsException'{0x000000070ff6e810}> (0x000000070ff6e810) 
thrown [./src/hotspot/share/prims/jni.cpp, line 578]
Event: 1.692 Thread 0x0000000000479c50 Exception <a 'sun/nio/fs/WindowsException'{0x000000070ff7eff8}> (0x000000070ff7eff8) 
thrown [./src/hotspot/share/prims/jni.cpp, line 578]
Event: 1.692 Thread 0x0000000000479c50 Exception <a 'sun/nio/fs/WindowsException'{0x000000070ff7f2e0}> (0x000000070ff7f2e0) 
thrown [./src/hotspot/share/prims/jni.cpp, line 578]

Events (20 events):
Event: 16.223 Loaded shared library C:\Users\Tom.K\.jdks\adopt-openjdk-15.0.2\bin\jsound.dll
Event: 36.924 Executing VM operation: HandshakeAllThreads
Event: 36.924 Executing VM operation: HandshakeAllThreads done
Event: 37.201 Loaded shared library C:\Users\Tom.K\AppData\Local\Temp\lwjglTom.K\3.2.3-build-13\lwjgl.dll
Event: 39.985 Loaded shared library C:\Users\Tom.K\AppData\Local\Temp\lwjglTom.K\3.2.3-build-13\lwjgl.dll
Event: 41.350 Executing VM operation: HandshakeAllThreads
Event: 41.350 Executing VM operation: HandshakeAllThreads done
Event: 65.919 Loaded shared library C:\Users\Tom.K\AppData\Local\Temp\lwjglTom.K\3.2.3-build-13\lwjgl.dll
Event: 74.350 Executing VM operation: HandshakeAllThreads
Event: 74.350 Executing VM operation: HandshakeAllThreads done
Event: 82.350 Executing VM operation: HandshakeAllThreads
Event: 82.350 Executing VM operation: HandshakeAllThreads done
Event: 104.142 Loaded shared library C:\Users\Tom.K\.jdks\adopt-openjdk-15.0.2\bin\jsound.dll
Event: 116.913 Thread 0x000000002d890f40 Thread exited: 0x000000002d890f40
Event: 116.917 Thread 0x000000002d890f40 Thread added: 0x000000002d890f40
Event: 116.917 Thread 0x0000000033334d10 Thread added: 0x0000000033334d10
Event: 116.919 Thread 0x0000000033334d10 Thread exited: 0x0000000033334d10
Event: 116.932 Thread 0x00000000293f92c0 Thread exited: 0x00000000293f92c0
Event: 117.017 Thread 0x000000002d890f40 Thread exited: 0x000000002d890f40
Event: 117.017 Executing VM operation: Exit


Dynamic libraries:
0x000000013fb80000 - 0x000000013fb8d000 	C:\Users\Tom.K\.jdks\adopt-openjdk-15.0.2\bin\java.exe
0x00000000771d0000 - 0x000000007736f000 	C:\Windows\SYSTEM32\ntdll.dll
0x0000000076fb0000 - 0x00000000770cf000 	C:\Windows\system32\kernel32.dll
0x000007fefd010000 - 0x000007fefd07a000 	C:\Windows\system32\KERNELBASE.dll
0x000007feb0810000 - 0x000007feb0828000 	C:\Users\Tom.K\.jdks\adopt-openjdk-15.0.2\bin\jli.dll
0x000007fef9e80000 - 0x000007fefa074000 	C:\Windows\WinSxS\amd64_microsoft.windows.common-controls_6595b64144ccf1df_6.0.7601.18837_none_fa3b1e3d17594757\COMCTL32.dll
0x000007fefd390000 - 0x000007fefd42f000 	C:\Windows\system32\msvcrt.dll
0x000007feff140000 - 0x000007feff1a7000 	C:\Windows\system32\GDI32.dll
0x00000000770d0000 - 0x00000000771ca000 	C:\Windows\system32\USER32.dll
0x000007fefecd0000 - 0x000007fefecde000 	C:\Windows\system32\LPK.dll
0x000007fefd9b0000 - 0x000007fefda7a000 	C:\Windows\system32\USP10.dll
0x000007fefda80000 - 0x000007fefdaf1000 	C:\Windows\system32\SHLWAPI.dll
0x000007feb0830000 - 0x000007feb0845000 	C:\Users\Tom.K\.jdks\adopt-openjdk-15.0.2\bin\VCRUNTIME140.dll
0x000007feb07f0000 - 0x000007feb07f4000 	C:\Users\Tom.K\.jdks\adopt-openjdk-15.0.2\bin\api-ms-win-crt-runtime-l1-1-0.dll
0x000007feafa40000 - 0x000007feafb3a000 	C:\Users\Tom.K\.jdks\adopt-openjdk-15.0.2\bin\ucrtbase.DLL
0x000007feb0800000 - 0x000007feb0803000 	C:\Users\Tom.K\.jdks\adopt-openjdk-15.0.2\bin\api-ms-win-core-localization-l1-2-0.dll
0x000007feafc30000 - 0x000007feafc33000 	C:\Users\Tom.K\.jdks\adopt-openjdk-15.0.2\bin\api-ms-win-core-processthreads-l1-1-1.dll
0x000007feb07e0000 - 0x000007feb07e3000 	C:\Users\Tom.K\.jdks\adopt-openjdk-15.0.2\bin\api-ms-win-core-file-l1-2-0.dll
0x000007feafc20000 - 0x000007feafc23000 	C:\Users\Tom.K\.jdks\adopt-openjdk-15.0.2\bin\api-ms-win-core-timezone-l1-1-0.dll
0x000007feafc10000 - 0x000007feafc13000 	C:\Users\Tom.K\.jdks\adopt-openjdk-15.0.2\bin\api-ms-win-core-file-l2-1-0.dll
0x000007feafc00000 - 0x000007feafc03000 	C:\Users\Tom.K\.jdks\adopt-openjdk-15.0.2\bin\api-ms-win-core-synch-l1-2-0.dll
0x000007feafbf0000 - 0x000007feafbf3000 	C:\Users\Tom.K\.jdks\adopt-openjdk-15.0.2\bin\api-ms-win-crt-heap-l1-1-0.dll
0x000007feafbe0000 - 0x000007feafbe4000 	C:\Users\Tom.K\.jdks\adopt-openjdk-15.0.2\bin\api-ms-win-crt-string-l1-1-0.dll
0x000007feafbd0000 - 0x000007feafbd4000 	C:\Users\Tom.K\.jdks\adopt-openjdk-15.0.2\bin\api-ms-win-crt-stdio-l1-1-0.dll
0x000007feafbc0000 - 0x000007feafbc4000 	C:\Users\Tom.K\.jdks\adopt-openjdk-15.0.2\bin\api-ms-win-crt-convert-l1-1-0.dll
0x000007feafbb0000 - 0x000007feafbb3000 	C:\Users\Tom.K\.jdks\adopt-openjdk-15.0.2\bin\api-ms-win-crt-environment-l1-1-0.dll
0x000007feafba0000 - 0x000007feafba3000 	C:\Users\Tom.K\.jdks\adopt-openjdk-15.0.2\bin\api-ms-win-crt-filesystem-l1-1-0.dll
0x000007feafb90000 - 0x000007feafb95000 	C:\Users\Tom.K\.jdks\adopt-openjdk-15.0.2\bin\api-ms-win-crt-math-l1-1-0.dll
0x000007feafb80000 - 0x000007feafb83000 	C:\Users\Tom.K\.jdks\adopt-openjdk-15.0.2\bin\api-ms-win-crt-locale-l1-1-0.dll
0x000007fefd450000 - 0x000007fefd47e000 	C:\Windows\system32\IMM32.DLL
0x000007fefebc0000 - 0x000007fefecc9000 	C:\Windows\system32\MSCTF.dll
0x000007feaf9a0000 - 0x000007feafa3b000 	C:\Users\Tom.K\.jdks\adopt-openjdk-15.0.2\bin\msvcp140.dll
0x000007feafb70000 - 0x000007feafb73000 	C:\Users\Tom.K\.jdks\adopt-openjdk-15.0.2\bin\api-ms-win-crt-time-l1-1-0.dll
0x000007feafb60000 - 0x000007feafb63000 	C:\Users\Tom.K\.jdks\adopt-openjdk-15.0.2\bin\api-ms-win-crt-utility-l1-1-0.dll
0x000007feaee10000 - 0x000007feaf99f000 	C:\Users\Tom.K\.jdks\adopt-openjdk-15.0.2\bin\server\jvm.dll
0x000007feff060000 - 0x000007feff13b000 	C:\Windows\system32\ADVAPI32.dll
0x000007fefd430000 - 0x000007fefd44f000 	C:\Windows\SYSTEM32\sechost.dll
0x000007fefef30000 - 0x000007feff05c000 	C:\Windows\system32\RPCRT4.dll
0x000007fed3c70000 - 0x000007fed3c79000 	C:\Windows\system32\WSOCK32.dll
0x000007fefeee0000 - 0x000007fefef2d000 	C:\Windows\system32\WS2_32.dll
0x000007fefd6e0000 - 0x000007fefd6e8000 	C:\Windows\system32\NSI.dll
0x000007fef9980000 - 0x000007fef99bb000 	C:\Windows\system32\WINMM.dll
0x000007fefc230000 - 0x000007fefc23c000 	C:\Windows\system32\VERSION.dll
0x0000000077370000 - 0x0000000077377000 	C:\Windows\system32\PSAPI.DLL
0x000007feafb50000 - 0x000007feafb5a000 	C:\Users\Tom.K\.jdks\adopt-openjdk-15.0.2\bin\jimage.dll
0x000007fef8330000 - 0x000007fef8455000 	C:\Windows\system32\DBGHELP.DLL
0x000007fea2450000 - 0x000007fea245e000 	C:\Users\Tom.K\.jdks\adopt-openjdk-15.0.2\bin\instrument.dll
0x000007feaede0000 - 0x000007feaee05000 	C:\Users\Tom.K\.jdks\adopt-openjdk-15.0.2\bin\java.dll
0x000007fefde30000 - 0x000007fefebb9000 	C:\Windows\system32\SHELL32.dll
0x000007feff2b0000 - 0x000007feff4b3000 	C:\Windows\system32\ole32.dll
0x000007fefcf60000 - 0x000007fefcf6f000 	C:\Windows\system32\profapi.dll
0x000007feaed80000 - 0x000007feaed98000 	C:\Users\Tom.K\.jdks\adopt-openjdk-15.0.2\bin\zip.dll
0x000007feaedc0000 - 0x000007feaedd9000 	C:\Users\Tom.K\.jdks\adopt-openjdk-15.0.2\bin\net.dll
0x000007fef7f00000 - 0x000007fef7f71000 	C:\Windows\system32\WINHTTP.dll
0x000007fef7e90000 - 0x000007fef7ef5000 	C:\Windows\system32\webio.dll
0x000007fefc780000 - 0x000007fefc7d5000 	C:\Windows\system32\mswsock.dll
0x000007fefc770000 - 0x000007fefc777000 	C:\Windows\System32\wship6.dll
0x000007feaeda0000 - 0x000007feaedb2000 	C:\Users\Tom.K\.jdks\adopt-openjdk-15.0.2\bin\nio.dll
0x000007fea2430000 - 0x000007fea244a000 	C:\Users\Tom.K\AppData\Local\JetBrains\IntelliJ IDEA Community Edition 2021.3.2\bin\breakgen64.dll
0x000007fea2290000 - 0x000007fea2428000 	C:\Users\Tom.K\.jdks\adopt-openjdk-15.0.2\bin\awt.dll
0x000007fefd8d0000 - 0x000007fefd9a7000 	C:\Windows\system32\OLEAUT32.dll
0x000007fea2270000 - 0x000007fea2281000 	C:\Users\Tom.K\.jdks\adopt-openjdk-15.0.2\bin\jsound.dll
0x000007fea21e0000 - 0x000007fea2268000 	C:\Windows\system32\DSOUND.dll
0x000007fefb910000 - 0x000007fefb93c000 	C:\Windows\system32\POWRPROF.dll
0x000007fefd6f0000 - 0x000007fefd8c7000 	C:\Windows\system32\SETUPAPI.dll
0x000007fefd0b0000 - 0x000007fefd0e6000 	C:\Windows\system32\CFGMGR32.dll
0x000007fefd080000 - 0x000007fefd09a000 	C:\Windows\system32\DEVOBJ.dll
0x000007fefce90000 - 0x000007fefce9f000 	C:\Windows\system32\CRYPTBASE.dll
0x000007fef9ce0000 - 0x000007fef9d36000 	C:\Windows\system32\uxtheme.dll
0x000007fefb8c0000 - 0x000007fefb90b000 	C:\Windows\system32\MMDevAPI.DLL
0x000007fefb790000 - 0x000007fefb8bc000 	C:\Windows\system32\PROPSYS.dll
0x000007fea21a0000 - 0x000007fea21db000 	C:\Windows\system32\wdmaud.drv
0x0000000074b10000 - 0x0000000074b16000 	C:\Windows\system32\ksuser.dll
0x000007fefb610000 - 0x000007fefb619000 	C:\Windows\system32\AVRT.dll
0x000007fef97d0000 - 0x000007fef981f000 	C:\Windows\system32\AUDIOSES.DLL
0x000007fea2190000 - 0x000007fea219a000 	C:\Windows\system32\msacm32.drv
0x000007fec6ef0000 - 0x000007fec6f08000 	C:\Windows\system32\MSACM32.dll
0x000007fea2180000 - 0x000007fea2189000 	C:\Windows\system32\midimap.dll
0x000007fefee40000 - 0x000007fefeed9000 	C:\Windows\system32\CLBCatQ.DLL
0x000007fef9760000 - 0x000007fef9778000 	C:\Windows\system32\dwmapi.dll
0x000007fea20f0000 - 0x000007fea2172000 	C:\Users\Tom.K\.jdks\adopt-openjdk-15.0.2\bin\freetype.dll
0x000007fea2040000 - 0x000007fea20e6000 	C:\Users\Tom.K\.jdks\adopt-openjdk-15.0.2\bin\fontmanager.dll
0x000007fec5960000 - 0x000007fec5a7d000 	C:\Windows\system32\opengl32.dll
0x000007fed1970000 - 0x000007fed199d000 	C:\Windows\system32\GLU32.dll
0x000007fed43a0000 - 0x000007fed4491000 	C:\Windows\system32\DDRAW.dll
0x000007fef8ea0000 - 0x000007fef8ea8000 	C:\Windows\system32\DCIMAN32.dll
0x000007fefd210000 - 0x000007fefd37d000 	C:\Windows\system32\crypt32.dll
0x000007fefd000000 - 0x000007fefd00f000 	C:\Windows\system32\MSASN1.dll
0x000007fefd100000 - 0x000007fefd13b000 	C:\Windows\system32\WINTRUST.DLL
0x000007fefd6c0000 - 0x000007fefd6d9000 	C:\Windows\system32\imagehlp.dll
0x000007fefc7e0000 - 0x000007fefc7f8000 	C:\Windows\system32\CRYPTSP.dll
0x000007fefc4e0000 - 0x000007fefc527000 	C:\Windows\system32\rsaenh.dll
0x000007fefc9b0000 - 0x000007fefca00000 	C:\Windows\system32\ncrypt.dll
0x000007fefc980000 - 0x000007fefc9a2000 	C:\Windows\system32\bcrypt.dll
0x000007fefc8f0000 - 0x000007fefc93c000 	C:\Windows\system32\bcryptprimitives.dll
0x000007fefc2a0000 - 0x000007fefc2be000 	C:\Windows\system32\USERENV.dll
0x000007fefc280000 - 0x000007fefc29b000 	C:\Windows\system32\GPAPI.dll
0x000007fefc200000 - 0x000007fefc227000 	C:\Windows\system32\cryptnet.dll
0x000007feff1b0000 - 0x000007feff202000 	C:\Windows\system32\WLDAP32.dll
0x000007fefb390000 - 0x000007fefb3b7000 	C:\Windows\system32\IPHLPAPI.DLL
0x000007fefb380000 - 0x000007fefb38b000 	C:\Windows\system32\WINNSI.DLL
0x000007fefb120000 - 0x000007fefb131000 	C:\Windows\system32\dhcpcsvc6.DLL
0x000007fefb100000 - 0x000007fefb118000 	C:\Windows\system32\dhcpcsvc.DLL
0x000007fef9480000 - 0x000007fef95e1000 	C:\Windows\system32\WindowsCodecs.dll
0x000007fefce30000 - 0x000007fefce87000 	C:\Windows\system32\apphelp.dll
0x000007fee8440000 - 0x000007fee8475000 	C:\Windows\system32\EhStorShell.dll
0x000007fef4ad0000 - 0x000007fef4adf000 	C:\Windows\system32\CSCAPI.dll
0x000007fefd1e0000 - 0x000007fefd1e5000 	C:\Windows\system32\api-ms-win-downlevel-advapi32-l1-1-0.dll
0x000007fee8260000 - 0x000007fee82e0000 	C:\Windows\system32\ntshrui.dll
0x000007fefcab0000 - 0x000007fefcad3000 	C:\Windows\system32\srvcli.dll
0x000007fefb3f0000 - 0x000007fefb3fb000 	C:\Windows\system32\slc.dll
0x000000006e700000 - 0x000000006e72a000 	C:\Users\Tom.K\AppData\Local\Temp\libgdxTom.K\e1cd32f8\gdx64.dll
0x000007fea1fd0000 - 0x000007fea2034000 	C:\Users\Tom.K\AppData\Local\Temp\lwjglTom.K\3.2.3-build-13\lwjgl.dll
0x000007fea1d70000 - 0x000007fea1fc3000 	C:\Users\Tom.K\AppData\Local\Temp\lwjglTom.K\3.2.3-build-13\jemalloc.dll
0x000007fea1d00000 - 0x000007fea1d62000 	C:\Users\Tom.K\AppData\Local\Temp\lwjglTom.K\3.2.3-build-13\glfw.dll
0x000007fea1cc0000 - 0x000007fea1cfc000 	C:\Windows\system32\dinput8.dll
0x0000000026eb0000 - 0x0000000026ece000 	C:\Windows\system32\xinput1_3.dll
0x000007fef9780000 - 0x000007fef978b000 	C:\Windows\system32\HID.DLL
0x000007fea1bb0000 - 0x000007fea1cbb000 	C:\Users\Tom.K\AppData\Local\Temp\lwjglTom.K\3.2.3-build-13\OpenAL.dll
0x000007fe9f500000 - 0x000007fea1ba7000 	C:\Windows\system32\nvoglv64.DLL
0x000007fefc030000 - 0x000007fefc041000 	C:\Windows\system32\WTSAPI32.dll
0x000007fefc1d0000 - 0x000007fefc1fd000 	C:\Windows\system32\ntmarta.dll
0x000007fefc370000 - 0x000007fefc3ad000 	C:\Windows\system32\WINSTA.dll
0x000007fef7a50000 - 0x000007fef7aec000 	C:\Windows\system32\mscms.dll
0x000007fed4ae0000 - 0x000007fed4b22000 	C:\Windows\system32\icm32.dll
0x000007fe9f4a0000 - 0x000007fe9f4f9000 	C:\Users\Tom.K\AppData\Local\Temp\lwjglTom.K\3.2.3-build-13\lwjgl_opengl.dll
0x000007fe9f450000 - 0x000007fe9f49b000 	C:\ProgramData\obs-studio-hook\graphics-hook64.dll
0x000007fef92a0000 - 0x000007fef9475000 	C:\Windows\system32\d3d11.dll

dbghelp: loaded successfully - version: 4.0.5 - missing functions: none
symbol engine: initialized successfully - sym options: 0x614 - pdb path: .;C:\Users\Tom.K\.jdks\adopt-openjdk-15.0.2\bin;C:\Windows\SYSTEM32;C:\Windows\WinSxS\amd64_microsoft.windows.common-controls_6595b64144ccf1df_6.0.7601.18837_none_fa3b1e3d17594757;C:\Users\Tom.K\.jdks\adopt-openjdk-15.0.2\bin\server;C:\Users\Tom.K\AppData\Local\JetBrains\IntelliJ IDEA Community Edition 2021.3.2\bin;C:\Users\Tom.K\AppData\Local\Temp\libgdxTom.K\e1cd32f8;C:\Users\Tom.K\AppData\Local\Temp\lwjglTom.K\3.2.3-build-13;C:\ProgramData\obs-studio-hook

VM Arguments:
jvm_args: -javaagent:C:\Users\Tom.K\AppData\Local\JetBrains\IntelliJ IDEA Community Edition 2021.3.2\lib\idea_rt.jar=50918:C:\Users\Tom.K\AppData\Local\JetBrains\IntelliJ IDEA Community Edition 2021.3.2\bin -Dfile.encoding=UTF-8 
java_command: dev.kobalt.openalchemy.jvm.MainKt
java_class_path (initial): D:\Workspaces\Projects\dev\kobalt\rework\openalchemy\jvm\build\classes\java\main;D:\Workspaces\Projects\dev\kobalt\rework\openalchemy\jvm\build\classes\kotlin\main;D:\Workspaces\Projects\dev\kobalt\rework\openalchemy\jvm\build\resources\main;C:\Users\Tom.K\.gradle\caches\modules-2\files-2.1\org.jetbrains.kotlin\kotlin-stdlib\1.6.10\b8af3fe6f1ca88526914929add63cf5e7c5049af\kotlin-stdlib-1.6.10.jar;C:\Users\Tom.K\.gradle\caches\modules-2\files-2.1\com.badlogicgames.gdx\gdx-backend-lwjgl3\1.10.0\600c7d5b2c977daa82c4abad147087b31e0ada87\gdx-backend-lwjgl3-1.10.0.jar;C:\Users\Tom.K\.gradle\caches\modules-2\files-2.1\com.badlogicgames.gdx\gdx\1.10.0\74c240f79dc4fb6b766a834249600d0a019d0489\gdx-1.10.0.jar;C:\Users\Tom.K\.gradle\caches\modules-2\files-2.1\com.badlogicgames.gdx\gdx-platform\1.10.0\9a8fa793d2fd6d360afc6c9e4c1f5583da263b88\gdx-platform-1.10.0-natives-desktop.jar;C:\Users\Tom.K\.gradle\caches\modules-2\files-2.1\io.github.libktx\ktx-app\1.10.0-b4\1c160a007c4e0d3de09d1294eb71b53450c84ed3\ktx-app-1.10.0-b4.jar;C:\Users\Tom.K\.gradle\caches\modules-2\files-2.1\io.github.libktx\ktx-assets-async\1.10.0-b4\37ae25e6facc12a6fbd06035bd5ef52c5bc019bd\ktx-assets-async-1.10.0-b4.jar;C:\Users\Tom.K\.gradle\caches\modules-2\files-2.1\io.github.libktx\ktx-assets\1.10.0-b4\b8079d7a7023d1810d873d340666db54619bd6c1\ktx-assets-1.10.0-b4.jar;C:\Users\Tom.K\.gradle\caches\modules-2\files-2.1\io.github.libktx\ktx-async\1.10.0-b4\ef28d731075fbb4d12edd32fc52b7ed68468dbd5\ktx-async-1.10.0-b4.jar;C:\Users\Tom.K\.gradle\caches\modules-2\files-2.1\io.github.libktx\ktx-collections\1.10.0-b4\121c6b9d288923e3022add25426144dc8f216986\ktx-collections-1.10.0-b4.jar;C:\Users\Tom.K\.gradle\caches\modules-2\files-2.1\io.github.libktx\ktx-graphics\1.10.0-b4\482d814dbd91dfc3b55a217bc52862008b1e54c2\ktx-graphics-1.10.0-b4.jar;C:\Users\Tom.K\.gradle\caches\modules-2\files-2.1\io.github.libktx\ktx-math\1.10.0-b4\eb4cc3a8e8b25a1bf1d4429566adeefdf3cef3aa\ktx-math-1.10.0-b4.ja
Launcher Type: SUN_STANDARD

[Global flags]
     intx CICompilerCount                          = 4                                         {product} {ergonomic}
     uint ConcGCThreads                            = 2                                         {product} {ergonomic}
     uint G1ConcRefinementThreads                  = 8                                         {product} {ergonomic}
   size_t G1HeapRegionSize                         = 2097152                                   {product} {ergonomic}
    uintx GCDrainStackTargetSize                   = 64                                        {product} {ergonomic}
   size_t InitialHeapSize                          = 268435456                                 {product} {ergonomic}
   size_t MarkStackSize                            = 4194304                                   {product} {ergonomic}
   size_t MaxHeapSize                              = 4286578688                                {product} {ergonomic}
   size_t MaxNewSize                               = 2571108352                                {product} {ergonomic}
   size_t MinHeapDeltaBytes                        = 2097152                                   {product} {ergonomic}
   size_t MinHeapSize                              = 8388608                                   {product} {ergonomic}
    uintx NonNMethodCodeHeapSize                   = 5839372                                {pd product} {ergonomic}
    uintx NonProfiledCodeHeapSize                  = 122909434                              {pd product} {ergonomic}
    uintx ProfiledCodeHeapSize                     = 122909434                              {pd product} {ergonomic}
    uintx ReservedCodeCacheSize                    = 251658240                              {pd product} {ergonomic}
     bool SegmentedCodeCache                       = true                                      {product} {ergonomic}
   size_t SoftMaxHeapSize                          = 4286578688                             {manageable} {ergonomic}
     bool UseCompressedClassPointers               = true                                 {lp64_product} {ergonomic}
     bool UseCompressedOops                        = true                                 {lp64_product} {ergonomic}
     bool UseG1GC                                  = true                                      {product} {ergonomic}
     bool UseLargePagesIndividualAllocation        = false                                  {pd product} {ergonomic}

Logging:
Log output configuration:
 #0: 
[error occurred during error reporting (printing log configuration), id 0xc0000005, EXCEPTION_ACCESS_VIOLATION (0xc0000005) at pc=0x000007feaf3094a3]

Environment Variables:
JAVA_HOME=C:\Java\jdk-11.0.2
PATH=C:\Program Files (x86)\Common Files\Oracle\Java\javapath;C:\Ruby24-x64\bin;c:\program files (x86)\intel\icls client\;c:\program files\intel\icls client\;c:\windows\system32;c:\windows;c:\windows\system32\wbem;c:\windows\system32\windowspowershell\v1.0\;c:\program files (x86)\intel\ucrt\;c:\program files\intel\ucrt\;c:\program files (x86)\intel\intel(r) management engine components\dal;c:\program files\intel\intel(r) management engine components\dal;c:\program files (x86)\intel\intel(r) management engine components\ipt;c:\program files\intel\intel(r) management engine components\ipt;c:\program files (x86)\subversion\bin;c:\program files\git\cmd;c:\users\tom.k\appdata\local\android\sdk\platform-tools;c:\program files (x86)\skype\phone\;c:\program files (x86)\windows kits\8.1\windows performance toolkit\;C:\Program Files (x86)\NVIDIA Corporation\PhysX\Common;C:\Program Files (x86)\GnuWin32\bin;C:\Program Files\PuTTY\;C:\Java\zulu8.40.0.25-ca-jdk8.0.222-win_x64\bin;C:\Program Files (x86)\nodejs\;C:\Program Files\qemu;C:\Program Files (x86)\Livestreamer;C:\Program Files\VSCodium\bin;C:\Program Files\Git\cmd;C:\Users\Tom.K\AppData\Local\Programs\Python\Python38\Scripts\;C:\Users\Tom.K\AppData\Local\Programs\Python\Python38\;C:\Users\Tom.K\.cargo\bin;C:\Users\Tom.K\.cargo\RustDT\bin;C:\Users\Tom.K\AppData\Roaming\npm
USERNAME=Tom.K
OS=Windows_NT
PROCESSOR_IDENTIFIER=Intel64 Family 6 Model 94 Stepping 3, GenuineIntel



---------------  S Y S T E M  ---------------

OS:
 Windows 7 , 64 bit Build 7601 (6.1.7601.24384)
OS uptime: 0 days 1:19 hours

CPU: total 8 (initial active 8) (4 cores per cpu, 2 threads per core) family 6 model 94 stepping 3 microcode 0x0, cmov, cx8, fxsr, mmx, sse, sse2, sse3, ssse3, sse4.1, sse4.2, popcnt, vzeroupper, avx, avx2, aes, clmul, erms, rtm, 3dnowpref, lzcnt, ht, tsc, tscinvbit, bmi1, bmi2, adx, fma, clflush, clflushopt

Memory: 4k page, system-wide physical 16346M (4163M free)
TotalPageFile size 32691M (AvailPageFile size 18642M)
current process WorkingSet (physical memory assigned to process): 212M, peak: 258M
current process commit charge ("private bytes"): 297M, peak: 476M

vm_info: OpenJDK 64-Bit Server VM (15.0.2+7) for windows-amd64 JRE (15.0.2+7), built on Jan 21 2021 05:54:57 by "" with MS VC++ 15.9 (VS2017)

END.
